2026-04-06 15:16:27 | INFO | CI | === RUN START ===
2026-04-06 15:16:27 | INFO | CI | project=Module 5: EVTL PIPELINE - WEB DOCUMENTS (HTML)
2026-04-06 15:16:27 | INFO | CI | repo_dir=nlp-05
2026-04-06 15:16:27 | INFO | CI | python=3.14.0
2026-04-06 15:16:27 | INFO | CI | os=Windows 11
2026-04-06 15:16:27 | INFO | CI | shell=powershell
2026-04-06 15:16:27 | INFO | CI | cwd=.
2026-04-06 15:16:27 | INFO | CI | github_actions=False
2026-04-06 15:16:27 | INFO | CI | START PIPELINE
2026-04-06 15:16:27 | INFO | CI | ROOT_PATH = .
2026-04-06 15:16:27 | INFO | CI | DATA_PATH = data
2026-04-06 15:16:27 | INFO | CI | RAW_PATH = data\raw
2026-04-06 15:16:27 | INFO | CI | PROCESSED_PATH = data\processed
2026-04-06 15:16:27 | INFO | CI | ========================
2026-04-06 15:16:27 | INFO | CI | STAGE 01: EXTRACT starting... 
2026-04-06 15:16:27 | INFO | CI | ========================
2026-04-06 15:16:27 | INFO | CI | EXTRACT: Fetching HTML from https://arxiv.org/abs/2602.20021
2026-04-06 15:16:29 | INFO | CI | SOURCE URL = https://arxiv.org/abs/2602.20021
2026-04-06 15:16:29 | INFO | CI | SINK PATH = data\raw\case_raw.html
2026-04-06 15:16:29 | INFO | CI | ========================
2026-04-06 15:16:29 | INFO | CI | STAGE 02: VALIDATE starting...
2026-04-06 15:16:29 | INFO | CI | ========================
2026-04-06 15:16:29 | INFO | CI | HTML STRUCTURE INSPECTION:
2026-04-06 15:16:29 | INFO | CI | Top-level type: BeautifulSoup
2026-04-06 15:16:29 | INFO | CI | Top-level elements: ['html']
2026-04-06 15:16:29 | INFO | CI | VALIDATE: Title found: True
2026-04-06 15:16:29 | INFO | CI | VALIDATE: Authors found: True
2026-04-06 15:16:29 | INFO | CI | VALIDATE: Abstract found: True
2026-04-06 15:16:29 | INFO | CI | VALIDATE: Subjects found: True
2026-04-06 15:16:29 | INFO | CI | VALIDATE: Dateline found: True
2026-04-06 15:16:29 | INFO | CI | VALIDATE: HTML structure is valid.
2026-04-06 15:16:29 | INFO | CI | Sink: validated BeautifulSoup object
2026-04-06 15:16:29 | INFO | CI | ========================
2026-04-06 15:16:29 | INFO | CI | STAGE 03: TRANSFORM starting...
2026-04-06 15:16:29 | INFO | CI | ========================
2026-04-06 15:16:29 | INFO | CI | Extracting metadata from HTML
2026-04-06 15:16:29 | INFO | CI | We must manually inspect the HTML structure to identify the fields we want to extract.
2026-04-06 15:16:29 | INFO | CI | For this arXiv page, we can extract:
- Title from <h1 class='title'>
- Authors from <div class='authors'>
- Abstract from <blockquote class='abstract'>
- Primary subject from <div class='subheader'>
- Submission date from <div class='dateline'>
- ArXiv ID from canonical link
2026-04-06 15:16:29 | INFO | CI | Replace any missing content with `unknown` to ensure all are strings.
2026-04-06 15:16:29 | INFO | CI | ========================
2026-04-06 15:16:29 | INFO | CI | STAGE 03a: Extract bibliographic fields (title, authors, abstract)
2026-04-06 15:16:29 | INFO | CI | ========================
2026-04-06 15:16:29 | INFO | CI | Extracted title: Agents of Chaos
2026-04-06 15:16:29 | INFO | CI | Extracted authors: Natalie Shapira, Chris Wendler, Avery Yen, Gabriele Sarti, Koyena Pal, Olivia Floody, Adam Belfki, Alex Loftus, Aditya Ratan Jannali, Nikhil Prakash, Jasmine Cui, Giordano Rogers, Jannik Brinkmann, Can Rager, Amir Zur, Michael Ripa, Aruna Sankaranarayanan, David Atkinson, Rohit Gandikota, Jaden Fiotto-Kaufman, EunJeong Hwang, Hadas Orgad, P Sam Sahil, Negev Taglicht, Tomer Shabtay, Atai Ambus, Nitay Alon, Shiri Oron, Ayelet Gordon-Tapiero, Yotam Kaplan, Vered Shwartz, Tamar Rott Shaham, Christoph Riedl, Reuth Mirsky, Maarten Sap, David Manheim, Tomer Ullman, David Bau
2026-04-06 15:16:29 | INFO | CI | Extracted abstract: We report an exploratory red-teaming study of autonomous language-model-powered agents deployed in a...
2026-04-06 15:16:29 | INFO | CI | ========================
2026-04-06 15:16:29 | INFO | CI | STAGE 03b: Extract metadata field subjects from subheader
2026-04-06 15:16:29 | INFO | CI | ========================
2026-04-06 15:16:29 | INFO | CI | Extracted subjects: Computer Science > Artificial Intelligence
2026-04-06 15:16:29 | INFO | CI | ========================
2026-04-06 15:16:29 | INFO | CI | STAGE 03c: Extract metadata field date from dateline
2026-04-06 15:16:29 | INFO | CI | ========================
2026-04-06 15:16:29 | INFO | CI | Extracted submitted: [Submitted on 23 Feb 2026]
2026-04-06 15:16:29 | INFO | CI | ========================
2026-04-06 15:16:29 | INFO | CI | STAGE 03d: Extract metadata field arxiv_id from canonical link
2026-04-06 15:16:29 | INFO | CI | ========================
2026-04-06 15:16:29 | INFO | CI | Extracted arxiv_id: 2602.20021
2026-04-06 15:16:29 | INFO | CI | ========================
2026-04-06 15:16:29 | INFO | CI | STAGE 03e: Calculate derived fields
2026-04-06 15:16:29 | INFO | CI | ========================
2026-04-06 15:16:29 | INFO | CI | Calculated abstract word count: 177
2026-04-06 15:16:29 | INFO | CI | Calculated author count: 38
2026-04-06 15:16:29 | INFO | CI | ========================
2026-04-06 15:16:29 | INFO | CI | STAGE 03f: Build record and create DataFrame
2026-04-06 15:16:29 | INFO | CI | ========================
2026-04-06 15:16:29 | INFO | CI | Created DataFrame with 1 row and 8 columns
2026-04-06 15:16:29 | INFO | CI | Columns: ['arxiv_id', 'title', 'authors', 'subjects', 'submitted', 'abstract', 'abstract_word_count', 'author_count']
2026-04-06 15:16:29 | INFO | CI | DataFrame Details
2026-04-06 15:16:29 | INFO | CI |   Title: Agents of Chaos
2026-04-06 15:16:29 | INFO | CI |   Author count: 38
2026-04-06 15:16:29 | INFO | CI |   Abstract word count: 177
2026-04-06 15:16:29 | INFO | CI |   DataFrame preview:
     arxiv_id            title                                            authors  ...                                           abstract abstract_word_count author_count
0  2602.20021  Agents of Chaos  Natalie Shapira, Chris Wendler, Avery Yen, Gab...  ...  We report an exploratory red-teaming study of ...                 177           38

[1 rows x 8 columns]
2026-04-06 15:16:29 | INFO | CI | Sink: Pandas DataFrame created
2026-04-06 15:16:29 | INFO | CI | Transformation complete.
2026-04-06 15:16:29 | INFO | CI | ========================
2026-04-06 15:16:29 | INFO | CI | STAGE 04: LOAD starting...
2026-04-06 15:16:29 | INFO | CI | ========================
2026-04-06 15:16:29 | INFO | CI | SINK PATH = data\processed\case_processed.csv
2026-04-06 15:16:29 | INFO | CI | ========================
2026-04-06 15:16:29 | INFO | CI | Pipeline executed successfully!
2026-04-06 15:16:29 | INFO | CI | ========================
2026-04-10 12:33:53 | INFO | CI | === RUN START ===
2026-04-10 12:33:53 | INFO | CI | project=Module 5: EVTL PIPELINE - WEB DOCUMENTS (HTML)
2026-04-10 12:33:53 | INFO | CI | repo_dir=nlp-05
2026-04-10 12:33:53 | INFO | CI | python=3.14.0
2026-04-10 12:33:53 | INFO | CI | os=Windows 11
2026-04-10 12:33:53 | INFO | CI | shell=powershell
2026-04-10 12:33:53 | INFO | CI | cwd=.
2026-04-10 12:33:53 | INFO | CI | github_actions=False
2026-04-10 12:33:53 | INFO | CI | START PIPELINE
2026-04-10 12:33:53 | INFO | CI | ROOT_PATH = .
2026-04-10 12:33:53 | INFO | CI | DATA_PATH = data
2026-04-10 12:33:53 | INFO | CI | RAW_PATH = data\raw
2026-04-10 12:33:53 | INFO | CI | PROCESSED_PATH = data\processed
2026-04-10 12:33:53 | INFO | CI | ========================
2026-04-10 12:33:53 | INFO | CI | STAGE 01: EXTRACT starting... 
2026-04-10 12:33:53 | INFO | CI | ========================
2026-04-10 12:33:53 | INFO | CI | EXTRACT: Fetching HTML from https://arxiv.org/abs/2602.20021
2026-04-10 12:33:54 | INFO | CI | SOURCE URL = https://arxiv.org/abs/2602.20021
2026-04-10 12:33:54 | INFO | CI | SINK PATH = data\raw\case_raw.html
2026-04-10 12:33:54 | INFO | CI | ========================
2026-04-10 12:33:54 | INFO | CI | STAGE 02: VALIDATE starting...
2026-04-10 12:33:54 | INFO | CI | ========================
2026-04-10 12:33:54 | INFO | CI | HTML STRUCTURE INSPECTION:
2026-04-10 12:33:54 | INFO | CI | Top-level type: BeautifulSoup
2026-04-10 12:33:54 | INFO | CI | Top-level elements: ['html']
2026-04-10 12:33:54 | INFO | CI | VALIDATE: Title found: True
2026-04-10 12:33:54 | INFO | CI | VALIDATE: Authors found: True
2026-04-10 12:33:54 | INFO | CI | VALIDATE: Abstract found: True
2026-04-10 12:33:54 | INFO | CI | VALIDATE: Subjects found: True
2026-04-10 12:33:54 | INFO | CI | VALIDATE: Dateline found: True
2026-04-10 12:33:54 | INFO | CI | VALIDATE: HTML structure is valid.
2026-04-10 12:33:54 | INFO | CI | Sink: validated BeautifulSoup object
2026-04-10 12:33:54 | INFO | CI | ========================
2026-04-10 12:33:54 | INFO | CI | STAGE 03: TRANSFORM starting...
2026-04-10 12:33:54 | INFO | CI | ========================
2026-04-10 12:33:54 | INFO | CI | Extracting metadata from HTML
2026-04-10 12:33:54 | INFO | CI | We must manually inspect the HTML structure to identify the fields we want to extract.
2026-04-10 12:33:54 | INFO | CI | For this arXiv page, we can extract:
- Title from <h1 class='title'>
- Authors from <div class='authors'>
- Abstract from <blockquote class='abstract'>
- Primary subject from <div class='subheader'>
- Submission date from <div class='dateline'>
- ArXiv ID from canonical link
2026-04-10 12:33:54 | INFO | CI | Replace any missing content with `unknown` to ensure all are strings.
2026-04-10 12:33:54 | INFO | CI | ========================
2026-04-10 12:33:54 | INFO | CI | STAGE 03a: Extract bibliographic fields (title, authors, abstract)
2026-04-10 12:33:54 | INFO | CI | ========================
2026-04-10 12:33:54 | INFO | CI | Extracted title: Agents of Chaos
2026-04-10 12:33:54 | INFO | CI | Extracted authors: Natalie Shapira, Chris Wendler, Avery Yen, Gabriele Sarti, Koyena Pal, Olivia Floody, Adam Belfki, Alex Loftus, Aditya Ratan Jannali, Nikhil Prakash, Jasmine Cui, Giordano Rogers, Jannik Brinkmann, Can Rager, Amir Zur, Michael Ripa, Aruna Sankaranarayanan, David Atkinson, Rohit Gandikota, Jaden Fiotto-Kaufman, EunJeong Hwang, Hadas Orgad, P Sam Sahil, Negev Taglicht, Tomer Shabtay, Atai Ambus, Nitay Alon, Shiri Oron, Ayelet Gordon-Tapiero, Yotam Kaplan, Vered Shwartz, Tamar Rott Shaham, Christoph Riedl, Reuth Mirsky, Maarten Sap, David Manheim, Tomer Ullman, David Bau
2026-04-10 12:33:54 | INFO | CI | Extracted abstract: We report an exploratory red-teaming study of autonomous language-model-powered agents deployed in a...
2026-04-10 12:33:54 | INFO | CI | ========================
2026-04-10 12:33:54 | INFO | CI | STAGE 03b: Extract metadata field subjects from subheader
2026-04-10 12:33:54 | INFO | CI | ========================
2026-04-10 12:33:54 | INFO | CI | Extracted subjects: Computer Science > Artificial Intelligence
2026-04-10 12:33:54 | INFO | CI | ========================
2026-04-10 12:33:54 | INFO | CI | STAGE 03c: Extract metadata field date from dateline
2026-04-10 12:33:54 | INFO | CI | ========================
2026-04-10 12:33:54 | INFO | CI | Extracted submitted: [Submitted on 23 Feb 2026]
2026-04-10 12:33:54 | INFO | CI | ========================
2026-04-10 12:33:54 | INFO | CI | STAGE 03d: Extract metadata field arxiv_id from canonical link
2026-04-10 12:33:54 | INFO | CI | ========================
2026-04-10 12:33:54 | INFO | CI | Extracted arxiv_id: 2602.20021
2026-04-10 12:33:54 | INFO | CI | ========================
2026-04-10 12:33:54 | INFO | CI | STAGE 03e: Calculate derived fields
2026-04-10 12:33:54 | INFO | CI | ========================
2026-04-10 12:33:54 | INFO | CI | Calculated abstract word count: 177
2026-04-10 12:33:54 | INFO | CI | Calculated author count: 38
2026-04-10 12:33:54 | INFO | CI | ========================
2026-04-10 12:33:54 | INFO | CI | STAGE 03f: Build record and create DataFrame
2026-04-10 12:33:54 | INFO | CI | ========================
2026-04-10 12:33:54 | INFO | CI | Created DataFrame with 1 row and 8 columns
2026-04-10 12:33:54 | INFO | CI | Columns: ['arxiv_id', 'title', 'authors', 'subjects', 'submitted', 'abstract', 'abstract_word_count', 'author_count']
2026-04-10 12:33:54 | INFO | CI | DataFrame Details
2026-04-10 12:33:54 | INFO | CI |   Title: Agents of Chaos
2026-04-10 12:33:54 | INFO | CI |   Author count: 38
2026-04-10 12:33:54 | INFO | CI |   Abstract word count: 177
2026-04-10 12:33:54 | INFO | CI |   DataFrame preview:
     arxiv_id            title                                            authors  ...                                           abstract abstract_word_count author_count
0  2602.20021  Agents of Chaos  Natalie Shapira, Chris Wendler, Avery Yen, Gab...  ...  We report an exploratory red-teaming study of ...                 177           38

[1 rows x 8 columns]
2026-04-10 12:33:54 | INFO | CI | Sink: Pandas DataFrame created
2026-04-10 12:33:54 | INFO | CI | Transformation complete.
2026-04-10 12:33:54 | INFO | CI | ========================
2026-04-10 12:33:54 | INFO | CI | STAGE 04: LOAD starting...
2026-04-10 12:33:54 | INFO | CI | ========================
2026-04-10 12:33:54 | INFO | CI | SINK PATH = data\processed\case_processed.csv
2026-04-10 12:33:54 | INFO | CI | ========================
2026-04-10 12:33:54 | INFO | CI | Pipeline executed successfully!
2026-04-10 12:33:54 | INFO | CI | ========================
2026-04-10 12:35:10 | INFO | CI | === RUN START ===
2026-04-10 12:35:10 | INFO | CI | project=Module 5: EVTL PIPELINE - WEB DOCUMENTS (HTML)
2026-04-10 12:35:10 | INFO | CI | repo_dir=nlp-05
2026-04-10 12:35:10 | INFO | CI | python=3.14.0
2026-04-10 12:35:10 | INFO | CI | os=Windows 11
2026-04-10 12:35:10 | INFO | CI | shell=powershell
2026-04-10 12:35:10 | INFO | CI | cwd=.
2026-04-10 12:35:10 | INFO | CI | github_actions=False
2026-04-10 12:35:10 | INFO | CI | START PIPELINE
2026-04-10 12:35:10 | INFO | CI | ROOT_PATH = .
2026-04-10 12:35:10 | INFO | CI | DATA_PATH = data
2026-04-10 12:35:10 | INFO | CI | RAW_PATH = data\raw
2026-04-10 12:35:10 | INFO | CI | PROCESSED_PATH = data\processed
2026-04-10 12:35:10 | INFO | CI | ========================
2026-04-10 12:35:10 | INFO | CI | STAGE 01: EXTRACT starting... 
2026-04-10 12:35:10 | INFO | CI | ========================
2026-04-10 12:35:10 | INFO | CI | EXTRACT: Fetching HTML from https://arxiv.org/abs/2604.08530
2026-04-10 12:35:12 | INFO | CI | SOURCE URL = https://arxiv.org/abs/2604.08530
2026-04-10 12:35:12 | INFO | CI | SINK PATH = data\raw\teja_raw.html
2026-04-10 12:35:12 | INFO | CI | ========================
2026-04-10 12:35:12 | INFO | CI | STAGE 02: VALIDATE starting...
2026-04-10 12:35:12 | INFO | CI | ========================
2026-04-10 12:35:12 | INFO | CI | HTML STRUCTURE INSPECTION:
2026-04-10 12:35:12 | INFO | CI | Top-level type: BeautifulSoup
2026-04-10 12:35:12 | INFO | CI | Top-level elements: ['html']
2026-04-10 12:35:12 | INFO | CI | VALIDATE: Title found: True
2026-04-10 12:35:12 | INFO | CI | VALIDATE: Authors found: True
2026-04-10 12:35:12 | INFO | CI | VALIDATE: Abstract found: True
2026-04-10 12:35:12 | INFO | CI | VALIDATE: Subjects found: True
2026-04-10 12:35:12 | INFO | CI | VALIDATE: Dateline found: True
2026-04-10 12:35:12 | INFO | CI | VALIDATE: HTML structure is valid.
2026-04-10 12:35:12 | INFO | CI | Sink: validated BeautifulSoup object
2026-04-10 12:35:12 | INFO | CI | ========================
2026-04-10 12:35:12 | INFO | CI | STAGE 03: TRANSFORM starting...
2026-04-10 12:35:12 | INFO | CI | ========================
2026-04-10 12:35:12 | INFO | CI | Extracting metadata from HTML
2026-04-10 12:35:12 | INFO | CI | We must manually inspect the HTML structure to identify the fields we want to extract.
2026-04-10 12:35:12 | INFO | CI | For this arXiv page, we can extract:
- Title from <h1 class='title'>
- Authors from <div class='authors'>
- Abstract from <blockquote class='abstract'>
- Primary subject from <div class='subheader'>
- Submission date from <div class='dateline'>
- ArXiv ID from canonical link
2026-04-10 12:35:12 | INFO | CI | Replace any missing content with `unknown` to ensure all are strings.
2026-04-10 12:35:12 | INFO | CI | ========================
2026-04-10 12:35:12 | INFO | CI | STAGE 03a: Extract bibliographic fields (title, authors, abstract)
2026-04-10 12:35:12 | INFO | CI | ========================
2026-04-10 12:35:12 | INFO | CI | Extracted title: Disentangling cosmic distance tensions with early and late dark energy
2026-04-10 12:35:12 | INFO | CI | Extracted authors: Tanisha Jhaveri, Tanvi Karwal, Thomas Crawford, Wayne Hu, Ali Rida Khalife, Lennart Balkenhol, Fei Ge
2026-04-10 12:35:12 | INFO | CI | Extracted abstract: Recent cosmological data reveal tension between parameters inferred from measurements of the cosmic ...
2026-04-10 12:35:12 | INFO | CI | ========================
2026-04-10 12:35:12 | INFO | CI | STAGE 03b: Extract metadata field subjects from subheader
2026-04-10 12:35:12 | INFO | CI | ========================
2026-04-10 12:35:12 | INFO | CI | Extracted subjects: Astrophysics > Cosmology and Nongalactic Astrophysics
2026-04-10 12:35:12 | INFO | CI | ========================
2026-04-10 12:35:12 | INFO | CI | STAGE 03c: Extract metadata field date from dateline
2026-04-10 12:35:12 | INFO | CI | ========================
2026-04-10 12:35:12 | INFO | CI | Extracted submitted: [Submitted on 9 Apr 2026]
2026-04-10 12:35:12 | INFO | CI | ========================
2026-04-10 12:35:12 | INFO | CI | STAGE 03d: Extract metadata field arxiv_id from canonical link
2026-04-10 12:35:12 | INFO | CI | ========================
2026-04-10 12:35:12 | INFO | CI | Extracted arxiv_id: 2604.08530
2026-04-10 12:35:12 | INFO | CI | ========================
2026-04-10 12:35:12 | INFO | CI | STAGE 03e: Calculate derived fields
2026-04-10 12:35:12 | INFO | CI | ========================
2026-04-10 12:35:12 | INFO | CI | Calculated abstract word count: 250
2026-04-10 12:35:12 | INFO | CI | Calculated author count: 7
2026-04-10 12:35:12 | INFO | CI | ========================
2026-04-10 12:35:12 | INFO | CI | STAGE 03f: Build record and create DataFrame
2026-04-10 12:35:12 | INFO | CI | ========================
2026-04-10 12:35:12 | INFO | CI | Created DataFrame with 1 row and 8 columns
2026-04-10 12:35:12 | INFO | CI | Columns: ['arxiv_id', 'title', 'authors', 'subjects', 'submitted', 'abstract', 'abstract_word_count', 'author_count']
2026-04-10 12:35:12 | INFO | CI | DataFrame Details
2026-04-10 12:35:12 | INFO | CI |   Title: Disentangling cosmic distance tensions with early and late dark energy
2026-04-10 12:35:12 | INFO | CI |   Author count: 7
2026-04-10 12:35:12 | INFO | CI |   Abstract word count: 250
2026-04-10 12:35:12 | INFO | CI |   DataFrame preview:
     arxiv_id                                              title  ... abstract_word_count author_count
0  2604.08530  Disentangling cosmic distance tensions with ea...  ...                 250            7

[1 rows x 8 columns]
2026-04-10 12:35:12 | INFO | CI | Sink: Pandas DataFrame created
2026-04-10 12:35:12 | INFO | CI | Transformation complete.
2026-04-10 12:35:12 | INFO | CI | ========================
2026-04-10 12:35:12 | INFO | CI | STAGE 04: LOAD starting...
2026-04-10 12:35:12 | INFO | CI | ========================
2026-04-10 12:35:12 | INFO | CI | SINK PATH = data\processed\teja_processed.csv
2026-04-10 12:35:12 | INFO | CI | ========================
2026-04-10 12:35:12 | INFO | CI | Pipeline executed successfully!
2026-04-10 12:35:12 | INFO | CI | ========================
2026-04-10 12:45:48 | INFO | CI | === RUN START ===
2026-04-10 12:45:48 | INFO | CI | project=Module 5: EVTL PIPELINE - WEB DOCUMENTS (HTML)
2026-04-10 12:45:48 | INFO | CI | repo_dir=nlp-05
2026-04-10 12:45:48 | INFO | CI | python=3.14.0
2026-04-10 12:45:48 | INFO | CI | os=Windows 11
2026-04-10 12:45:48 | INFO | CI | shell=powershell
2026-04-10 12:45:48 | INFO | CI | cwd=.
2026-04-10 12:45:48 | INFO | CI | github_actions=False
2026-04-10 12:45:48 | INFO | CI | START PIPELINE
2026-04-10 12:45:48 | INFO | CI | ROOT_PATH = .
2026-04-10 12:45:48 | INFO | CI | DATA_PATH = data
2026-04-10 12:45:48 | INFO | CI | RAW_PATH = data\raw
2026-04-10 12:45:48 | INFO | CI | PROCESSED_PATH = data\processed
2026-04-10 12:45:48 | INFO | CI | ========================
2026-04-10 12:45:48 | INFO | CI | STAGE 01: EXTRACT starting... 
2026-04-10 12:45:48 | INFO | CI | ========================
2026-04-10 12:45:48 | INFO | CI | EXTRACT: Fetching HTML from https://arxiv.org/abs/2604.08530
2026-04-10 12:45:54 | INFO | CI | SOURCE URL = https://arxiv.org/abs/2604.08530
2026-04-10 12:45:54 | INFO | CI | SINK PATH = data\raw\teja_raw.html
2026-04-10 12:45:54 | INFO | CI | ========================
2026-04-10 12:45:54 | INFO | CI | STAGE 02: VALIDATE starting...
2026-04-10 12:45:54 | INFO | CI | ========================
2026-04-10 12:45:54 | INFO | CI | HTML STRUCTURE INSPECTION:
2026-04-10 12:45:54 | INFO | CI | Top-level type: BeautifulSoup
2026-04-10 12:45:54 | INFO | CI | Top-level elements: ['html']
2026-04-10 12:45:54 | INFO | CI | VALIDATE: Title found: True
2026-04-10 12:45:54 | INFO | CI | VALIDATE: Authors found: True
2026-04-10 12:45:54 | INFO | CI | VALIDATE: Abstract found: True
2026-04-10 12:45:54 | INFO | CI | VALIDATE: Subjects found: True
2026-04-10 12:45:54 | INFO | CI | VALIDATE: Dateline found: True
2026-04-10 12:45:54 | INFO | CI | VALIDATE: HTML structure is valid.
2026-04-10 12:45:54 | INFO | CI | Sink: validated BeautifulSoup object
2026-04-10 12:45:54 | INFO | CI | ========================
2026-04-10 12:45:54 | INFO | CI | STAGE 03: TRANSFORM starting...
2026-04-10 12:45:54 | INFO | CI | ========================
2026-04-10 12:45:54 | INFO | CI | Extracting metadata from HTML
2026-04-10 12:45:54 | INFO | CI | We must manually inspect the HTML structure to identify the fields we want to extract.
2026-04-10 12:45:54 | INFO | CI | For this arXiv page, we can extract:
- Title from <h1 class='title'>
- Authors from <div class='authors'>
- Abstract from <blockquote class='abstract'>
- Primary subject from <div class='subheader'>
- Submission date from <div class='dateline'>
- ArXiv ID from canonical link
2026-04-10 12:45:54 | INFO | CI | Replace any missing content with `unknown` to ensure all are strings.
2026-04-10 12:45:54 | INFO | CI | ========================
2026-04-10 12:45:54 | INFO | CI | STAGE 03a: Extract bibliographic fields (title, authors, abstract)
2026-04-10 12:45:54 | INFO | CI | ========================
2026-04-10 12:45:54 | INFO | CI | Extracted title: Disentangling cosmic distance tensions with early and late dark energy
2026-04-10 12:45:54 | INFO | CI | Extracted authors: Tanisha Jhaveri, Tanvi Karwal, Thomas Crawford, Wayne Hu, Ali Rida Khalife, Lennart Balkenhol, Fei Ge
2026-04-10 12:45:54 | INFO | CI | Extracted abstract: Recent cosmological data reveal tension between parameters inferred from measurements of the cosmic ...
2026-04-10 12:45:54 | INFO | CI | ========================
2026-04-10 12:45:54 | INFO | CI | STAGE 03b: Extract metadata field subjects from subheader
2026-04-10 12:45:54 | INFO | CI | ========================
2026-04-10 12:45:54 | INFO | CI | Extracted subjects: Astrophysics > Cosmology and Nongalactic Astrophysics
2026-04-10 12:45:54 | INFO | CI | ========================
2026-04-10 12:45:54 | INFO | CI | STAGE 03c: Extract metadata field date from dateline
2026-04-10 12:45:54 | INFO | CI | ========================
2026-04-10 12:45:54 | INFO | CI | Extracted submitted: [Submitted on 9 Apr 2026]
2026-04-10 12:45:54 | INFO | CI | ========================
2026-04-10 12:45:54 | INFO | CI | STAGE 03d: Extract metadata field arxiv_id from canonical link
2026-04-10 12:45:54 | INFO | CI | ========================
2026-04-10 12:45:54 | INFO | CI | Extracted arxiv_id: 2604.08530
2026-04-10 12:45:54 | INFO | CI | ========================
2026-04-10 12:45:54 | INFO | CI | STAGE 03e: Calculate derived fields
2026-04-10 12:45:54 | INFO | CI | ========================
2026-04-10 12:45:54 | INFO | CI | Calculated abstract word count: 250
2026-04-10 12:45:54 | INFO | CI | Calculated author count: 7
2026-04-10 12:45:54 | INFO | CI | ========================
2026-04-10 12:45:54 | INFO | CI | STAGE 03f: Build record and create DataFrame
2026-04-10 12:45:54 | INFO | CI | ========================
2026-04-10 12:45:54 | INFO | CI | Created DataFrame with 1 row and 8 columns
2026-04-10 12:45:54 | INFO | CI | Columns: ['arxiv_id', 'title', 'authors', 'subjects', 'submitted', 'abstract', 'abstract_word_count', 'author_count']
2026-04-10 12:45:54 | INFO | CI | DataFrame Details
2026-04-10 12:45:54 | INFO | CI |   Title: Disentangling cosmic distance tensions with early and late dark energy
2026-04-10 12:45:54 | INFO | CI |   Author count: 7
2026-04-10 12:45:54 | INFO | CI |   Abstract word count: 250
2026-04-10 12:45:54 | INFO | CI |   DataFrame preview:
     arxiv_id                                              title  ... abstract_word_count author_count
0  2604.08530  Disentangling cosmic distance tensions with ea...  ...                 250            7

[1 rows x 8 columns]
2026-04-10 12:45:54 | INFO | CI | Sink: Pandas DataFrame created
2026-04-10 12:45:54 | INFO | CI | Transformation complete.
2026-04-10 12:45:54 | INFO | CI | ========================
2026-04-10 12:45:54 | INFO | CI | STAGE 04: LOAD starting...
2026-04-10 12:45:54 | INFO | CI | ========================
2026-04-10 12:45:54 | INFO | CI | SINK PATH = data\processed\teja_processed.csv
2026-04-10 12:45:54 | INFO | CI | ========================
2026-04-10 12:45:54 | INFO | CI | Pipeline executed successfully!
2026-04-10 12:45:54 | INFO | CI | ========================
